<?xml version="1.0" encoding="UTF-8"?>
<!-- Generated by org.testng.reporters.JUnitXMLReporter -->
<testsuite ignored="0" hostname="Suryakumar" failures="0" tests="3" name="Submit Order Test" time="53.815" errors="0" timestamp="2025-09-28T23:06:21 IST">
  <testcase classname="Selenium_Tests.SubmitOrderTest" name="SubmitOrder" time="6.335"/>
  <testcase classname="Selenium_Tests.SubmitOrderTest" name="SubmitOrder" time="4.765"/>
  <testcase classname="Selenium_Tests.SubmitOrderTest" name="OrderHistoryTest" time="1.517"/>
</testsuite> <!-- Submit Order Test -->
