<?xml version="1.0" encoding="UTF-8"?>
<!-- Generated by org.testng.reporters.JUnitXMLReporter -->
<testsuite ignored="0" hostname="Suryakumar" failures="0" tests="3" name="Submit Order Test" time="28.151" errors="0" timestamp="2025-09-30T07:15:39 IST">
  <testcase classname="Selenium_Tests.SubmitOrderTest" name="SubmitOrder" time="6.445"/>
  <testcase classname="Selenium_Tests.SubmitOrderTest" name="SubmitOrder" time="4.085"/>
  <testcase classname="Selenium_Tests.SubmitOrderTest" name="OrderHistoryTest" time="1.193"/>
</testsuite> <!-- Submit Order Test -->
